{
  "RSpec": {
    "coverage": {
      "/Users/student/Project/Week10/bank_tech_test/spec/bank_spec.rb": [
        null,
        null,
        1,
        null,
        1,
        6,
        4,
        4,
        3,
        null,
        1,
        1,
        1,
        null,
        null,
        1,
        2,
        null,
        null,
        null,
        1,
        1,
        1,
        1,
        1,
        null,
        null,
        1,
        2,
        null,
        null,
        null,
        1,
        1,
        1,
        1,
        1,
        null,
        null,
        null
      ],
      "/Users/student/Project/Week10/bank_tech_test/lib/bank.rb": [
        null,
        null,
        1,
        null,
        1,
        1,
        1,
        null,
        1,
        5,
        5,
        5,
        null,
        null,
        1,
        4,
        null,
        4,
        null,
        3,
        3,
        null,
        null,
        1,
        3,
        3,
        null,
        2,
        2,
        null,
        null,
        1,
        1,
        1,
        null,
        null,
        1,
        null,
        1,
        1,
        2,
        null,
        null,
        null,
        1,
        2,
        null,
        null,
        1,
        3,
        null,
        null
      ]
    },
    "timestamp": 1576664667
  }
}
